#
# There is insufficient memory for the Java Runtime Environment to continue.
# Native memory allocation (mmap) failed to map 134217728 bytes for Failed to commit area from 0x0000000080c00000 to 0x0000000088c00000 of length 134217728.
# Possible reasons:
#   The system is out of physical RAM or swap space
#   The process is running with CompressedOops enabled, and the Java Heap may be blocking the growth of the native heap
# Possible solutions:
#   Reduce memory load on the system
#   Increase physical memory or swap space
#   Check if swap backing store is full
#   Decrease Java heap size (-Xmx/-Xms)
#   Decrease number of Java threads
#   Decrease Java thread stack sizes (-Xss)
#   Set larger code cache with -XX:ReservedCodeCacheSize=
#   JVM is running with Unscaled Compressed Oops mode in which the Java heap is
#     placed in the first 4GB address space. The Java Heap base address is the
#     maximum limit for the native heap growth. Please use -XX:HeapBaseMinAddress
#     to set the Java Heap base and to place the Java Heap above 4GB virtual address.
# This output file may be truncated or incomplete.
#
#  Out of Memory Error (./src/hotspot/os/windows/os_windows.cpp:3315), pid=8212, tid=14972
#
# JRE version:  (14.0.2+12) (build )
# Java VM: OpenJDK 64-Bit Server VM (14.0.2+12, mixed mode, sharing, tiered, compressed oops, g1 gc, windows-amd64)
# No core dump will be written. Minidumps are not enabled by default on client versions of Windows
#

---------------  S U M M A R Y ------------

Command Line: -Dfile.encoding=MS874 Main

Host: AMD Ryzen 5 2600 Six-Core Processor            , 12 cores, 7G,  Windows 10 , 64 bit Build 18362 (10.0.18362.959)
Time: Mon Aug 24 18:37:08 2020 ???????????????????????? elapsed time: 0 seconds (0d 0h 0m 0s)

---------------  T H R E A D  ---------------

Current thread (0x00000203602cc000):  JavaThread "Unknown thread" [_thread_in_vm, id=14972, stack(0x0000007a27900000,0x0000007a27a00000)]

Stack: [0x0000007a27900000,0x0000007a27a00000]
Native frames: (J=compiled Java code, j=interpreted, Vv=VM code, C=native code)
V  [jvm.dll+0x5fd67a]
V  [jvm.dll+0x79785a]
V  [jvm.dll+0x79900f]
V  [jvm.dll+0x799653]
V  [jvm.dll+0x20f108]
V  [jvm.dll+0x5fa9ca]
V  [jvm.dll+0x5ef825]
V  [jvm.dll+0x2ca8cc]
V  [jvm.dll+0x2ca702]
V  [jvm.dll+0x2d05ec]
V  [jvm.dll+0x316b58]
V  [jvm.dll+0x316280]
V  [jvm.dll+0x2a32da]
V  [jvm.dll+0x2a4429]
V  [jvm.dll+0x774f38]
V  [jvm.dll+0x324784]
V  [jvm.dll+0x75640c]
V  [jvm.dll+0x3959cf]
V  [jvm.dll+0x397c01]
C  [jli.dll+0x524b]
C  [ucrtbase.dll+0x20e82]
C  [KERNEL32.DLL+0x17bd4]
C  [ntdll.dll+0x6ce51]


---------------  P R O C E S S  ---------------

Threads class SMR info:
_java_thread_list=0x00007ff9aa3a35f8, length=0, elements={
}

Java Threads: ( => current thread )

Other Threads:
  0x000002036030f800 GCTaskThread "GC Thread#0" [stack: 0x0000007a27a00000,0x0000007a27b00000] [id=12180]
  0x0000020360322800 ConcurrentGCThread "G1 Main Marker" [stack: 0x0000007a27b00000,0x0000007a27c00000] [id=13392]
  0x0000020360323800 ConcurrentGCThread "G1 Conc#0" [stack: 0x0000007a27c00000,0x0000007a27d00000] [id=2396]

[error occurred during error reporting (printing all threads), id 0xc0000005, EXCEPTION_ACCESS_VIOLATION (0xc0000005) at pc=0x00007ff9a9b63c07]

VM state:not at safepoint (not fully initialized)

VM Mutex/Monitor currently owned by a thread:  ([mutex/lock_event])
[0x00000203602c8070] Heap_lock - owner thread: 0x00000203602cc000

Heap address: 0x0000000080c00000, size: 2036 MB, Compressed Oops mode: 32-bit
Narrow klass base: 0x0000000000000000, Narrow klass shift: 0

GC Heap History (0 events):
No events

Deoptimization events (0 events):
No events

Classes unloaded (0 events):
No events

Classes redefined (0 events):
No events

Internal exceptions (0 events):
No events

Events (2 events):
Event: 0.006 Loaded shared library C:\Program Files\AdoptOpenJDK\jdk-14.0.2.12-hotspot\bin\java.dll
Event: 0.006 Loaded shared library C:\Program Files\AdoptOpenJDK\jdk-14.0.2.12-hotspot\bin\zip.dll


Dynamic libraries:
0x00007ff62aed0000 - 0x00007ff62aedd000 	C:\Program Files\AdoptOpenJDK\jdk-14.0.2.12-hotspot\bin\javaw.exe
0x00007ff9fde40000 - 0x00007ff9fe030000 	C:\WINDOWS\SYSTEM32\ntdll.dll
0x00007ff9fcdb0000 - 0x00007ff9fce62000 	C:\WINDOWS\System32\KERNEL32.DLL
0x00007ff9fb2c0000 - 0x00007ff9fb564000 	C:\WINDOWS\System32\KERNELBASE.dll
0x00007ff9fb1a0000 - 0x00007ff9fb29a000 	C:\WINDOWS\System32\ucrtbase.dll
0x00007ff9f7730000 - 0x00007ff9f7745000 	C:\Program Files\AdoptOpenJDK\jdk-14.0.2.12-hotspot\bin\VCRUNTIME140.dll
0x00007ff9f75f0000 - 0x00007ff9f7608000 	C:\Program Files\AdoptOpenJDK\jdk-14.0.2.12-hotspot\bin\jli.dll
0x00007ff9fc6e0000 - 0x00007ff9fc875000 	C:\WINDOWS\System32\USER32.dll
0x00007ff9dd6e0000 - 0x00007ff9dd964000 	C:\WINDOWS\WinSxS\amd64_microsoft.windows.common-controls_6595b64144ccf1df_6.0.18362.1016_none_9e7a36bbe461dae4\COMCTL32.dll
0x00007ff9fadc0000 - 0x00007ff9fade1000 	C:\WINDOWS\System32\win32u.dll
0x00007ff9fc300000 - 0x00007ff9fc39e000 	C:\WINDOWS\System32\msvcrt.dll
0x00007ff9fcf90000 - 0x00007ff9fcfb6000 	C:\WINDOWS\System32\GDI32.dll
0x00007ff9fc3a0000 - 0x00007ff9fc6d5000 	C:\WINDOWS\System32\combase.dll
0x00007ff9fadf0000 - 0x00007ff9faf86000 	C:\WINDOWS\System32\gdi32full.dll
0x00007ff9fd050000 - 0x00007ff9fd170000 	C:\WINDOWS\System32\RPCRT4.dll
0x00007ff9fbe50000 - 0x00007ff9fbeee000 	C:\WINDOWS\System32\msvcp_win.dll
0x00007ff9faf90000 - 0x00007ff9fb010000 	C:\WINDOWS\System32\bcryptPrimitives.dll
0x00007ff9fdd60000 - 0x00007ff9fdd8e000 	C:\WINDOWS\System32\IMM32.DLL
0x00007ff9e37b0000 - 0x00007ff9e384b000 	C:\Program Files\AdoptOpenJDK\jdk-14.0.2.12-hotspot\bin\msvcp140.dll
0x00007ff9a98b0000 - 0x00007ff9aa444000 	C:\Program Files\AdoptOpenJDK\jdk-14.0.2.12-hotspot\bin\server\jvm.dll
0x00007ff9fcee0000 - 0x00007ff9fcf83000 	C:\WINDOWS\System32\ADVAPI32.dll
0x00007ff9fd420000 - 0x00007ff9fd4b7000 	C:\WINDOWS\System32\sechost.dll
0x00007ff9fc170000 - 0x00007ff9fc178000 	C:\WINDOWS\System32\PSAPI.DLL
0x00007ff9f8cd0000 - 0x00007ff9f8cf4000 	C:\WINDOWS\SYSTEM32\WINMM.dll
0x00007ff9f47d0000 - 0x00007ff9f47da000 	C:\WINDOWS\SYSTEM32\VERSION.dll
0x00007ff9f6cd0000 - 0x00007ff9f6cd9000 	C:\WINDOWS\SYSTEM32\WSOCK32.dll
0x00007ff9fdbb0000 - 0x00007ff9fdc1f000 	C:\WINDOWS\System32\WS2_32.dll
0x00007ff9f8ca0000 - 0x00007ff9f8ccd000 	C:\WINDOWS\SYSTEM32\WINMMBASE.dll
0x00007ff9fb040000 - 0x00007ff9fb08a000 	C:\WINDOWS\System32\cfgmgr32.dll
0x00007ff9fad00000 - 0x00007ff9fad11000 	C:\WINDOWS\System32\kernel.appcore.dll
0x00007ff9f6cc0000 - 0x00007ff9f6cca000 	C:\Program Files\AdoptOpenJDK\jdk-14.0.2.12-hotspot\bin\jimage.dll
0x00007ff9e95c0000 - 0x00007ff9e97b4000 	C:\WINDOWS\SYSTEM32\DBGHELP.DLL
0x00007ff9e92a0000 - 0x00007ff9e92ca000 	C:\WINDOWS\SYSTEM32\dbgcore.DLL
0x00007ff9e39f0000 - 0x00007ff9e3a15000 	C:\Program Files\AdoptOpenJDK\jdk-14.0.2.12-hotspot\bin\java.dll
0x00007ff9e3da0000 - 0x00007ff9e3db6000 	C:\Program Files\AdoptOpenJDK\jdk-14.0.2.12-hotspot\bin\zip.dll

dbghelp: loaded successfully - version: 4.0.5 - missing functions: none
symbol engine: initialized successfully - sym options: 0x614 - pdb path: .;C:\Program Files\AdoptOpenJDK\jdk-14.0.2.12-hotspot\bin;C:\WINDOWS\SYSTEM32;C:\WINDOWS\WinSxS\amd64_microsoft.windows.common-controls_6595b64144ccf1df_6.0.18362.1016_none_9e7a36bbe461dae4;C:\Program Files\AdoptOpenJDK\jdk-14.0.2.12-hotspot\bin\server

VM Arguments:
jvm_args: -Dfile.encoding=MS874 
java_command: Main
java_class_path (initial): C:\Users\tae_c\Desktop\Works\SOP-Repository\SOP_Lab1\bin
Launcher Type: SUN_STANDARD

[Global flags]
     intx CICompilerCount                          = 4                                         {product} {ergonomic}
     uint ConcGCThreads                            = 3                                         {product} {ergonomic}
     uint G1ConcRefinementThreads                  = 10                                        {product} {ergonomic}
   size_t G1HeapRegionSize                         = 1048576                                   {product} {ergonomic}
    uintx GCDrainStackTargetSize                   = 64                                        {product} {ergonomic}
   size_t InitialHeapSize                          = 134217728                                 {product} {ergonomic}
   size_t MarkStackSize                            = 4194304                                   {product} {ergonomic}
   size_t MaxHeapSize                              = 2134900736                                {product} {ergonomic}
   size_t MinHeapDeltaBytes                        = 1048576                                   {product} {ergonomic}
   size_t MinHeapSize                              = 8388608                                   {product} {ergonomic}
    uintx NonNMethodCodeHeapSize                   = 5839372                                {pd product} {ergonomic}
    uintx NonProfiledCodeHeapSize                  = 122909434                              {pd product} {ergonomic}
    uintx ProfiledCodeHeapSize                     = 122909434                              {pd product} {ergonomic}
    uintx ReservedCodeCacheSize                    = 251658240                              {pd product} {ergonomic}
     bool SegmentedCodeCache                       = true                                      {product} {ergonomic}
   size_t SoftMaxHeapSize                          = 2134900736                             {manageable} {ergonomic}
     bool UseCompressedClassPointers               = true                                 {lp64_product} {ergonomic}
     bool UseCompressedOops                        = true                                 {lp64_product} {ergonomic}
     bool UseG1GC                                  = true                                      {product} {ergonomic}
     bool UseLargePagesIndividualAllocation        = false                                  {pd product} {ergonomic}

Logging:
Log output configuration:
 #0: stdout all=warning uptime,level,tags
 #1: stderr all=off uptime,level,tags

Environment Variables:
PATH=C:/Program Files/AdoptOpenJDK/jdk-14.0.2.12-hotspot/bin/client;C:/Program Files/AdoptOpenJDK/jdk-14.0.2.12-hotspot/bin;C:\Program Files\AdoptOpenJDK\jdk-14.0.2.12-hotspot\bin;C:\WINDOWS\system32;C:\WINDOWS;C:\WINDOWS\System32\Wbem;C:\WINDOWS\System32\WindowsPowerShell\v1.0\;C:\WINDOWS\System32\OpenSSH\;C:\Program Files (x86)\Intel\Intel(R) Management Engine Components\DAL;C:\Program Files\Intel\Intel(R) Management Engine Components\DAL;C:\Program Files (x86)\Intel\Intel(R) Management Engine Components\IPT;C:\Program Files\Intel\Intel(R) Management Engine Components\IPT;C:\Program Files\NVIDIA Corporation\NVIDIA NvDLISR;C:\Program Files (x86)\NVIDIA Corporation\PhysX\Common;C:\Program Files\nodejs\;C:\Program Files\Git\cmd;C:\Users\tae_c\AppData\Local\Microsoft\WindowsApps;C:\Users\tae_c\AppData\Roaming\npm;C:\Users\tae_c\AppData\Local\Programs\Microsoft VS Code\bin;C:\Users\tae_c\Desktop;
USERNAME=tae_c
OS=Windows_NT
PROCESSOR_IDENTIFIER=AMD64 Family 23 Model 8 Stepping 2, AuthenticAMD



---------------  S Y S T E M  ---------------

OS: Windows 10 , 64 bit Build 18362 (10.0.18362.959)
OS uptime: 0 days 23:04 hours

CPU:total 12 (initial active 12) (12 cores per cpu, 2 threads per core) family 23 model 8 stepping 2, cmov, cx8, fxsr, mmx, sse, sse2, sse3, ssse3, sse4.1, sse4.2, popcnt, avx, avx2, aes, clmul, mmxext, 3dnowpref, lzcnt, sse4a, ht, tsc, tscinvbit, tscinv, bmi1, bmi2, adx, sha, fma

Memory: 4k page, system-wide physical 8140M (1610M free)
TotalPageFile size 22379M (AvailPageFile size 131M)
current process WorkingSet (physical memory assigned to process): 10M, peak: 10M
current process commit charge ("private bytes"): 64M, peak: 192M

vm_info: OpenJDK 64-Bit Server VM (14.0.2+12) for windows-amd64 JRE (14.0.2+12), built on Jul 15 2020 11:30:16 by "" with MS VC++ 15.9 (VS2017)

END.
