#
# There is insufficient memory for the Java Runtime Environment to continue.
# Native memory allocation (malloc) failed to allocate 58816 bytes for Chunk::new
# Possible reasons:
#   The system is out of physical RAM or swap space
#   The process is running with CompressedOops enabled, and the Java Heap may be blocking the growth of the native heap
# Possible solutions:
#   Reduce memory load on the system
#   Increase physical memory or swap space
#   Check if swap backing store is full
#   Decrease Java heap size (-Xmx/-Xms)
#   Decrease number of Java threads
#   Decrease Java thread stack sizes (-Xss)
#   Set larger code cache with -XX:ReservedCodeCacheSize=
#   JVM is running with Unscaled Compressed Oops mode in which the Java heap is
#     placed in the first 4GB address space. The Java Heap base address is the
#     maximum limit for the native heap growth. Please use -XX:HeapBaseMinAddress
#     to set the Java Heap base and to place the Java Heap above 4GB virtual address.
# This output file may be truncated or incomplete.
#
#  Out of Memory Error (./src/hotspot/share/memory/arena.cpp:195), pid=1904, tid=18372
#
# JRE version: OpenJDK Runtime Environment AdoptOpenJDK (14.0.2+12) (build 14.0.2+12)
# Java VM: OpenJDK 64-Bit Server VM AdoptOpenJDK (14.0.2+12, mixed mode, sharing, tiered, compressed oops, g1 gc, windows-amd64)
# No core dump will be written. Minidumps are not enabled by default on client versions of Windows
#

---------------  S U M M A R Y ------------

Command Line: -Dfile.encoding=MS874 Main

Host: AMD Ryzen 5 2600 Six-Core Processor            , 12 cores, 7G,  Windows 10 , 64 bit Build 18362 (10.0.18362.959)
Time: Mon Aug 24 18:36:57 2020 ???????????????????????? elapsed time: 0 seconds (0d 0h 0m 0s)

---------------  T H R E A D  ---------------

Current thread (0x0000018b91156000):  JavaThread "C2 CompilerThread1" daemon [_thread_in_native, id=18372, stack(0x0000002773700000,0x0000002773800000)]


Current CompileTask:
C2:    102  160   !   4       java.io.BufferedWriter::write (117 bytes)

Stack: [0x0000002773700000,0x0000002773800000]
Native frames: (J=compiled Java code, j=interpreted, Vv=VM code, C=native code)
V  [jvm.dll+0x5fd67a]
V  [jvm.dll+0x79785a]
V  [jvm.dll+0x79900f]
V  [jvm.dll+0x799653]
V  [jvm.dll+0x20f108]
V  [jvm.dll+0xace47]
V  [jvm.dll+0xad53c]
V  [jvm.dll+0x31f005]
V  [jvm.dll+0x18e300]
V  [jvm.dll+0x1e7cba]
V  [jvm.dll+0x1e6e78]
V  [jvm.dll+0x179d0c]
V  [jvm.dll+0x1f5f55]
V  [jvm.dll+0x1f413b]
V  [jvm.dll+0x75c3ad]
V  [jvm.dll+0x7551ba]
V  [jvm.dll+0x5fc4d6]
C  [ucrtbase.dll+0x20e82]
C  [KERNEL32.DLL+0x17bd4]
C  [ntdll.dll+0x6ce51]


---------------  P R O C E S S  ---------------

Threads class SMR info:
_java_thread_list=0x0000018b91119bf0, length=13, elements={
0x0000018beee1c800, 0x0000018bff57a800, 0x0000018bff57f000, 0x0000018bff59c000,
0x0000018bff59f000, 0x0000018bff5a2800, 0x0000018bff5a4800, 0x0000018bff5b3000,
0x0000018b91010800, 0x0000018b91126000, 0x0000018b9112d800, 0x0000018b91156000,
0x0000018b91199000
}

Java Threads: ( => current thread )
  0x0000018beee1c800 JavaThread "main" [_thread_in_vm, id=17956, stack(0x0000002772500000,0x0000002772600000)]
  0x0000018bff57a800 JavaThread "Reference Handler" daemon [_thread_blocked, id=1724, stack(0x0000002772c00000,0x0000002772d00000)]
  0x0000018bff57f000 JavaThread "Finalizer" daemon [_thread_blocked, id=8220, stack(0x0000002772d00000,0x0000002772e00000)]
  0x0000018bff59c000 JavaThread "Signal Dispatcher" daemon [_thread_blocked, id=17576, stack(0x0000002772e00000,0x0000002772f00000)]
  0x0000018bff59f000 JavaThread "Attach Listener" daemon [_thread_blocked, id=15436, stack(0x0000002772f00000,0x0000002773000000)]
  0x0000018bff5a2800 JavaThread "Service Thread" daemon [_thread_blocked, id=13852, stack(0x0000002773000000,0x0000002773100000)]
  0x0000018bff5a4800 JavaThread "C2 CompilerThread0" daemon [_thread_in_native, id=8276, stack(0x0000002773100000,0x0000002773200000)]
  0x0000018bff5b3000 JavaThread "C1 CompilerThread0" daemon [_thread_in_vm, id=11956, stack(0x0000002773200000,0x0000002773300000)]
  0x0000018b91010800 JavaThread "Sweeper thread" daemon [_thread_blocked, id=10708, stack(0x0000002773300000,0x0000002773400000)]
  0x0000018b91126000 JavaThread "Notification Thread" daemon [_thread_blocked, id=10440, stack(0x0000002773400000,0x0000002773500000)]
  0x0000018b9112d800 JavaThread "Common-Cleaner" daemon [_thread_blocked, id=1836, stack(0x0000002773600000,0x0000002773700000)]
=>0x0000018b91156000 JavaThread "C2 CompilerThread1" daemon [_thread_in_native, id=18372, stack(0x0000002773700000,0x0000002773800000)]
  0x0000018b91199000 JavaThread "C2 CompilerThread2" daemon [_thread_in_native, id=16724, stack(0x0000002773800000,0x0000002773900000)]

Other Threads:
  0x0000018bff57a000 VMThread "VM Thread" [stack: 0x0000002772b00000,0x0000002772c00000] [id=19328]
  0x0000018b91127000 WatcherThread [stack: 0x0000002773500000,0x0000002773600000] [id=18560]
  0x0000018beee5f800 GCTaskThread "GC Thread#0" [stack: 0x0000002772600000,0x0000002772700000] [id=14612]
  0x0000018beee73000 ConcurrentGCThread "G1 Main Marker" [stack: 0x0000002772700000,0x0000002772800000] [id=15724]
  0x0000018beee75000 ConcurrentGCThread "G1 Conc#0" [stack: 0x0000002772800000,0x0000002772900000] [id=18068]
  0x0000018bff3ec800 ConcurrentGCThread "G1 Refine#0" [stack: 0x0000002772900000,0x0000002772a00000] [id=15924]
  0x0000018bff3ed800 ConcurrentGCThread "G1 Young RemSet Sampling" [stack: 0x0000002772a00000,0x0000002772b00000] [id=17432]

Threads with active compile tasks:
C2 CompilerThread0      121  167       4       sun.nio.cs.SingleByte$Encoder::encodeArrayLoop (233 bytes)
C1 CompilerThread0      121  250       3       jdk.internal.org.objectweb.asm.SymbolTable::addConstantUtf8 (98 bytes)
C2 CompilerThread1      122  160   !   4       java.io.BufferedWriter::write (117 bytes)
C2 CompilerThread2      122  163   !   4       java.io.BufferedWriter::flushBuffer (53 bytes)

VM state:not at safepoint (normal execution)

VM Mutex/Monitor currently owned by a thread: None

Heap address: 0x0000000080c00000, size: 2036 MB, Compressed Oops mode: 32-bit
Narrow klass base: 0x0000000800000000, Narrow klass shift: 3
Compressed class space size: 1073741824 Address: 0x0000000800b30000

Heap:
 garbage-first heap   total 131072K, used 2048K [0x0000000080c00000, 0x0000000100000000)
  region size 1024K, 3 young (3072K), 0 survivors (0K)
 Metaspace       used 702K, capacity 4620K, committed 4864K, reserved 1056768K
  class space    used 63K, capacity 408K, committed 512K, reserved 1048576K
Heap Regions: E=young(eden), S=young(survivor), O=old, HS=humongous(starts), HC=humongous(continues), CS=collection set, F=free, OA=open archive, CA=closed archive, TAMS=top-at-mark-start (previous, next)
|   0|0x0000000080c00000, 0x0000000080c00000, 0x0000000080d00000|  0%| F|  |TAMS 0x0000000080c00000, 0x0000000080c00000| Untracked 
|   1|0x0000000080d00000, 0x0000000080d00000, 0x0000000080e00000|  0%| F|  |TAMS 0x0000000080d00000, 0x0000000080d00000| Untracked 
|   2|0x0000000080e00000, 0x0000000080e00000, 0x0000000080f00000|  0%| F|  |TAMS 0x0000000080e00000, 0x0000000080e00000| Untracked 
|   3|0x0000000080f00000, 0x0000000080f00000, 0x0000000081000000|  0%| F|  |TAMS 0x0000000080f00000, 0x0000000080f00000| Untracked 
|   4|0x0000000081000000, 0x0000000081000000, 0x0000000081100000|  0%| F|  |TAMS 0x0000000081000000, 0x0000000081000000| Untracked 
|   5|0x0000000081100000, 0x0000000081100000, 0x0000000081200000|  0%| F|  |TAMS 0x0000000081100000, 0x0000000081100000| Untracked 
|   6|0x0000000081200000, 0x0000000081200000, 0x0000000081300000|  0%| F|  |TAMS 0x0000000081200000, 0x0000000081200000| Untracked 
|   7|0x0000000081300000, 0x0000000081300000, 0x0000000081400000|  0%| F|  |TAMS 0x0000000081300000, 0x0000000081300000| Untracked 
|   8|0x0000000081400000, 0x0000000081400000, 0x0000000081500000|  0%| F|  |TAMS 0x0000000081400000, 0x0000000081400000| Untracked 
|   9|0x0000000081500000, 0x0000000081500000, 0x0000000081600000|  0%| F|  |TAMS 0x0000000081500000, 0x0000000081500000| Untracked 
|  10|0x0000000081600000, 0x0000000081600000, 0x0000000081700000|  0%| F|  |TAMS 0x0000000081600000, 0x0000000081600000| Untracked 
|  11|0x0000000081700000, 0x0000000081700000, 0x0000000081800000|  0%| F|  |TAMS 0x0000000081700000, 0x0000000081700000| Untracked 
|  12|0x0000000081800000, 0x0000000081800000, 0x0000000081900000|  0%| F|  |TAMS 0x0000000081800000, 0x0000000081800000| Untracked 
|  13|0x0000000081900000, 0x0000000081900000, 0x0000000081a00000|  0%| F|  |TAMS 0x0000000081900000, 0x0000000081900000| Untracked 
|  14|0x0000000081a00000, 0x0000000081a00000, 0x0000000081b00000|  0%| F|  |TAMS 0x0000000081a00000, 0x0000000081a00000| Untracked 
|  15|0x0000000081b00000, 0x0000000081b00000, 0x0000000081c00000|  0%| F|  |TAMS 0x0000000081b00000, 0x0000000081b00000| Untracked 
|  16|0x0000000081c00000, 0x0000000081c00000, 0x0000000081d00000|  0%| F|  |TAMS 0x0000000081c00000, 0x0000000081c00000| Untracked 
|  17|0x0000000081d00000, 0x0000000081d00000, 0x0000000081e00000|  0%| F|  |TAMS 0x0000000081d00000, 0x0000000081d00000| Untracked 
|  18|0x0000000081e00000, 0x0000000081e00000, 0x0000000081f00000|  0%| F|  |TAMS 0x0000000081e00000, 0x0000000081e00000| Untracked 
|  19|0x0000000081f00000, 0x0000000081f00000, 0x0000000082000000|  0%| F|  |TAMS 0x0000000081f00000, 0x0000000081f00000| Untracked 
|  20|0x0000000082000000, 0x0000000082000000, 0x0000000082100000|  0%| F|  |TAMS 0x0000000082000000, 0x0000000082000000| Untracked 
|  21|0x0000000082100000, 0x0000000082100000, 0x0000000082200000|  0%| F|  |TAMS 0x0000000082100000, 0x0000000082100000| Untracked 
|  22|0x0000000082200000, 0x0000000082200000, 0x0000000082300000|  0%| F|  |TAMS 0x0000000082200000, 0x0000000082200000| Untracked 
|  23|0x0000000082300000, 0x0000000082300000, 0x0000000082400000|  0%| F|  |TAMS 0x0000000082300000, 0x0000000082300000| Untracked 
|  24|0x0000000082400000, 0x0000000082400000, 0x0000000082500000|  0%| F|  |TAMS 0x0000000082400000, 0x0000000082400000| Untracked 
|  25|0x0000000082500000, 0x0000000082500000, 0x0000000082600000|  0%| F|  |TAMS 0x0000000082500000, 0x0000000082500000| Untracked 
|  26|0x0000000082600000, 0x0000000082600000, 0x0000000082700000|  0%| F|  |TAMS 0x0000000082600000, 0x0000000082600000| Untracked 
|  27|0x0000000082700000, 0x0000000082700000, 0x0000000082800000|  0%| F|  |TAMS 0x0000000082700000, 0x0000000082700000| Untracked 
|  28|0x0000000082800000, 0x0000000082800000, 0x0000000082900000|  0%| F|  |TAMS 0x0000000082800000, 0x0000000082800000| Untracked 
|  29|0x0000000082900000, 0x0000000082900000, 0x0000000082a00000|  0%| F|  |TAMS 0x0000000082900000, 0x0000000082900000| Untracked 
|  30|0x0000000082a00000, 0x0000000082a00000, 0x0000000082b00000|  0%| F|  |TAMS 0x0000000082a00000, 0x0000000082a00000| Untracked 
|  31|0x0000000082b00000, 0x0000000082b00000, 0x0000000082c00000|  0%| F|  |TAMS 0x0000000082b00000, 0x0000000082b00000| Untracked 
|  32|0x0000000082c00000, 0x0000000082c00000, 0x0000000082d00000|  0%| F|  |TAMS 0x0000000082c00000, 0x0000000082c00000| Untracked 
|  33|0x0000000082d00000, 0x0000000082d00000, 0x0000000082e00000|  0%| F|  |TAMS 0x0000000082d00000, 0x0000000082d00000| Untracked 
|  34|0x0000000082e00000, 0x0000000082e00000, 0x0000000082f00000|  0%| F|  |TAMS 0x0000000082e00000, 0x0000000082e00000| Untracked 
|  35|0x0000000082f00000, 0x0000000082f00000, 0x0000000083000000|  0%| F|  |TAMS 0x0000000082f00000, 0x0000000082f00000| Untracked 
|  36|0x0000000083000000, 0x0000000083000000, 0x0000000083100000|  0%| F|  |TAMS 0x0000000083000000, 0x0000000083000000| Untracked 
|  37|0x0000000083100000, 0x0000000083100000, 0x0000000083200000|  0%| F|  |TAMS 0x0000000083100000, 0x0000000083100000| Untracked 
|  38|0x0000000083200000, 0x0000000083200000, 0x0000000083300000|  0%| F|  |TAMS 0x0000000083200000, 0x0000000083200000| Untracked 
|  39|0x0000000083300000, 0x0000000083300000, 0x0000000083400000|  0%| F|  |TAMS 0x0000000083300000, 0x0000000083300000| Untracked 
|  40|0x0000000083400000, 0x0000000083400000, 0x0000000083500000|  0%| F|  |TAMS 0x0000000083400000, 0x0000000083400000| Untracked 
|  41|0x0000000083500000, 0x0000000083500000, 0x0000000083600000|  0%| F|  |TAMS 0x0000000083500000, 0x0000000083500000| Untracked 
|  42|0x0000000083600000, 0x0000000083600000, 0x0000000083700000|  0%| F|  |TAMS 0x0000000083600000, 0x0000000083600000| Untracked 
|  43|0x0000000083700000, 0x0000000083700000, 0x0000000083800000|  0%| F|  |TAMS 0x0000000083700000, 0x0000000083700000| Untracked 
|  44|0x0000000083800000, 0x0000000083800000, 0x0000000083900000|  0%| F|  |TAMS 0x0000000083800000, 0x0000000083800000| Untracked 
|  45|0x0000000083900000, 0x0000000083900000, 0x0000000083a00000|  0%| F|  |TAMS 0x0000000083900000, 0x0000000083900000| Untracked 
|  46|0x0000000083a00000, 0x0000000083a00000, 0x0000000083b00000|  0%| F|  |TAMS 0x0000000083a00000, 0x0000000083a00000| Untracked 
|  47|0x0000000083b00000, 0x0000000083b00000, 0x0000000083c00000|  0%| F|  |TAMS 0x0000000083b00000, 0x0000000083b00000| Untracked 
|  48|0x0000000083c00000, 0x0000000083c00000, 0x0000000083d00000|  0%| F|  |TAMS 0x0000000083c00000, 0x0000000083c00000| Untracked 
|  49|0x0000000083d00000, 0x0000000083d00000, 0x0000000083e00000|  0%| F|  |TAMS 0x0000000083d00000, 0x0000000083d00000| Untracked 
|  50|0x0000000083e00000, 0x0000000083e00000, 0x0000000083f00000|  0%| F|  |TAMS 0x0000000083e00000, 0x0000000083e00000| Untracked 
|  51|0x0000000083f00000, 0x0000000083f00000, 0x0000000084000000|  0%| F|  |TAMS 0x0000000083f00000, 0x0000000083f00000| Untracked 
|  52|0x0000000084000000, 0x0000000084000000, 0x0000000084100000|  0%| F|  |TAMS 0x0000000084000000, 0x0000000084000000| Untracked 
|  53|0x0000000084100000, 0x0000000084100000, 0x0000000084200000|  0%| F|  |TAMS 0x0000000084100000, 0x0000000084100000| Untracked 
|  54|0x0000000084200000, 0x0000000084200000, 0x0000000084300000|  0%| F|  |TAMS 0x0000000084200000, 0x0000000084200000| Untracked 
|  55|0x0000000084300000, 0x0000000084300000, 0x0000000084400000|  0%| F|  |TAMS 0x0000000084300000, 0x0000000084300000| Untracked 
|  56|0x0000000084400000, 0x0000000084400000, 0x0000000084500000|  0%| F|  |TAMS 0x0000000084400000, 0x0000000084400000| Untracked 
|  57|0x0000000084500000, 0x0000000084500000, 0x0000000084600000|  0%| F|  |TAMS 0x0000000084500000, 0x0000000084500000| Untracked 
|  58|0x0000000084600000, 0x0000000084600000, 0x0000000084700000|  0%| F|  |TAMS 0x0000000084600000, 0x0000000084600000| Untracked 
|  59|0x0000000084700000, 0x0000000084700000, 0x0000000084800000|  0%| F|  |TAMS 0x0000000084700000, 0x0000000084700000| Untracked 
|  60|0x0000000084800000, 0x0000000084800000, 0x0000000084900000|  0%| F|  |TAMS 0x0000000084800000, 0x0000000084800000| Untracked 
|  61|0x0000000084900000, 0x0000000084900000, 0x0000000084a00000|  0%| F|  |TAMS 0x0000000084900000, 0x0000000084900000| Untracked 
|  62|0x0000000084a00000, 0x0000000084a00000, 0x0000000084b00000|  0%| F|  |TAMS 0x0000000084a00000, 0x0000000084a00000| Untracked 
|  63|0x0000000084b00000, 0x0000000084b00000, 0x0000000084c00000|  0%| F|  |TAMS 0x0000000084b00000, 0x0000000084b00000| Untracked 
|  64|0x0000000084c00000, 0x0000000084c00000, 0x0000000084d00000|  0%| F|  |TAMS 0x0000000084c00000, 0x0000000084c00000| Untracked 
|  65|0x0000000084d00000, 0x0000000084d00000, 0x0000000084e00000|  0%| F|  |TAMS 0x0000000084d00000, 0x0000000084d00000| Untracked 
|  66|0x0000000084e00000, 0x0000000084e00000, 0x0000000084f00000|  0%| F|  |TAMS 0x0000000084e00000, 0x0000000084e00000| Untracked 
|  67|0x0000000084f00000, 0x0000000084f00000, 0x0000000085000000|  0%| F|  |TAMS 0x0000000084f00000, 0x0000000084f00000| Untracked 
|  68|0x0000000085000000, 0x0000000085000000, 0x0000000085100000|  0%| F|  |TAMS 0x0000000085000000, 0x0000000085000000| Untracked 
|  69|0x0000000085100000, 0x0000000085100000, 0x0000000085200000|  0%| F|  |TAMS 0x0000000085100000, 0x0000000085100000| Untracked 
|  70|0x0000000085200000, 0x0000000085200000, 0x0000000085300000|  0%| F|  |TAMS 0x0000000085200000, 0x0000000085200000| Untracked 
|  71|0x0000000085300000, 0x0000000085300000, 0x0000000085400000|  0%| F|  |TAMS 0x0000000085300000, 0x0000000085300000| Untracked 
|  72|0x0000000085400000, 0x0000000085400000, 0x0000000085500000|  0%| F|  |TAMS 0x0000000085400000, 0x0000000085400000| Untracked 
|  73|0x0000000085500000, 0x0000000085500000, 0x0000000085600000|  0%| F|  |TAMS 0x0000000085500000, 0x0000000085500000| Untracked 
|  74|0x0000000085600000, 0x0000000085600000, 0x0000000085700000|  0%| F|  |TAMS 0x0000000085600000, 0x0000000085600000| Untracked 
|  75|0x0000000085700000, 0x0000000085700000, 0x0000000085800000|  0%| F|  |TAMS 0x0000000085700000, 0x0000000085700000| Untracked 
|  76|0x0000000085800000, 0x0000000085800000, 0x0000000085900000|  0%| F|  |TAMS 0x0000000085800000, 0x0000000085800000| Untracked 
|  77|0x0000000085900000, 0x0000000085900000, 0x0000000085a00000|  0%| F|  |TAMS 0x0000000085900000, 0x0000000085900000| Untracked 
|  78|0x0000000085a00000, 0x0000000085a00000, 0x0000000085b00000|  0%| F|  |TAMS 0x0000000085a00000, 0x0000000085a00000| Untracked 
|  79|0x0000000085b00000, 0x0000000085b00000, 0x0000000085c00000|  0%| F|  |TAMS 0x0000000085b00000, 0x0000000085b00000| Untracked 
|  80|0x0000000085c00000, 0x0000000085c00000, 0x0000000085d00000|  0%| F|  |TAMS 0x0000000085c00000, 0x0000000085c00000| Untracked 
|  81|0x0000000085d00000, 0x0000000085d00000, 0x0000000085e00000|  0%| F|  |TAMS 0x0000000085d00000, 0x0000000085d00000| Untracked 
|  82|0x0000000085e00000, 0x0000000085e00000, 0x0000000085f00000|  0%| F|  |TAMS 0x0000000085e00000, 0x0000000085e00000| Untracked 
|  83|0x0000000085f00000, 0x0000000085f00000, 0x0000000086000000|  0%| F|  |TAMS 0x0000000085f00000, 0x0000000085f00000| Untracked 
|  84|0x0000000086000000, 0x0000000086000000, 0x0000000086100000|  0%| F|  |TAMS 0x0000000086000000, 0x0000000086000000| Untracked 
|  85|0x0000000086100000, 0x0000000086100000, 0x0000000086200000|  0%| F|  |TAMS 0x0000000086100000, 0x0000000086100000| Untracked 
|  86|0x0000000086200000, 0x0000000086200000, 0x0000000086300000|  0%| F|  |TAMS 0x0000000086200000, 0x0000000086200000| Untracked 
|  87|0x0000000086300000, 0x0000000086300000, 0x0000000086400000|  0%| F|  |TAMS 0x0000000086300000, 0x0000000086300000| Untracked 
|  88|0x0000000086400000, 0x0000000086400000, 0x0000000086500000|  0%| F|  |TAMS 0x0000000086400000, 0x0000000086400000| Untracked 
|  89|0x0000000086500000, 0x0000000086500000, 0x0000000086600000|  0%| F|  |TAMS 0x0000000086500000, 0x0000000086500000| Untracked 
|  90|0x0000000086600000, 0x0000000086600000, 0x0000000086700000|  0%| F|  |TAMS 0x0000000086600000, 0x0000000086600000| Untracked 
|  91|0x0000000086700000, 0x0000000086700000, 0x0000000086800000|  0%| F|  |TAMS 0x0000000086700000, 0x0000000086700000| Untracked 
|  92|0x0000000086800000, 0x0000000086800000, 0x0000000086900000|  0%| F|  |TAMS 0x0000000086800000, 0x0000000086800000| Untracked 
|  93|0x0000000086900000, 0x0000000086900000, 0x0000000086a00000|  0%| F|  |TAMS 0x0000000086900000, 0x0000000086900000| Untracked 
|  94|0x0000000086a00000, 0x0000000086a00000, 0x0000000086b00000|  0%| F|  |TAMS 0x0000000086a00000, 0x0000000086a00000| Untracked 
|  95|0x0000000086b00000, 0x0000000086b00000, 0x0000000086c00000|  0%| F|  |TAMS 0x0000000086b00000, 0x0000000086b00000| Untracked 
|  96|0x0000000086c00000, 0x0000000086c00000, 0x0000000086d00000|  0%| F|  |TAMS 0x0000000086c00000, 0x0000000086c00000| Untracked 
|  97|0x0000000086d00000, 0x0000000086d00000, 0x0000000086e00000|  0%| F|  |TAMS 0x0000000086d00000, 0x0000000086d00000| Untracked 
|  98|0x0000000086e00000, 0x0000000086e00000, 0x0000000086f00000|  0%| F|  |TAMS 0x0000000086e00000, 0x0000000086e00000| Untracked 
|  99|0x0000000086f00000, 0x0000000086f00000, 0x0000000087000000|  0%| F|  |TAMS 0x0000000086f00000, 0x0000000086f00000| Untracked 
| 100|0x0000000087000000, 0x0000000087000000, 0x0000000087100000|  0%| F|  |TAMS 0x0000000087000000, 0x0000000087000000| Untracked 
| 101|0x0000000087100000, 0x0000000087100000, 0x0000000087200000|  0%| F|  |TAMS 0x0000000087100000, 0x0000000087100000| Untracked 
| 102|0x0000000087200000, 0x0000000087200000, 0x0000000087300000|  0%| F|  |TAMS 0x0000000087200000, 0x0000000087200000| Untracked 
| 103|0x0000000087300000, 0x0000000087300000, 0x0000000087400000|  0%| F|  |TAMS 0x0000000087300000, 0x0000000087300000| Untracked 
| 104|0x0000000087400000, 0x0000000087400000, 0x0000000087500000|  0%| F|  |TAMS 0x0000000087400000, 0x0000000087400000| Untracked 
| 105|0x0000000087500000, 0x0000000087500000, 0x0000000087600000|  0%| F|  |TAMS 0x0000000087500000, 0x0000000087500000| Untracked 
| 106|0x0000000087600000, 0x0000000087600000, 0x0000000087700000|  0%| F|  |TAMS 0x0000000087600000, 0x0000000087600000| Untracked 
| 107|0x0000000087700000, 0x0000000087700000, 0x0000000087800000|  0%| F|  |TAMS 0x0000000087700000, 0x0000000087700000| Untracked 
| 108|0x0000000087800000, 0x0000000087800000, 0x0000000087900000|  0%| F|  |TAMS 0x0000000087800000, 0x0000000087800000| Untracked 
| 109|0x0000000087900000, 0x0000000087900000, 0x0000000087a00000|  0%| F|  |TAMS 0x0000000087900000, 0x0000000087900000| Untracked 
| 110|0x0000000087a00000, 0x0000000087a00000, 0x0000000087b00000|  0%| F|  |TAMS 0x0000000087a00000, 0x0000000087a00000| Untracked 
| 111|0x0000000087b00000, 0x0000000087b00000, 0x0000000087c00000|  0%| F|  |TAMS 0x0000000087b00000, 0x0000000087b00000| Untracked 
| 112|0x0000000087c00000, 0x0000000087c00000, 0x0000000087d00000|  0%| F|  |TAMS 0x0000000087c00000, 0x0000000087c00000| Untracked 
| 113|0x0000000087d00000, 0x0000000087d00000, 0x0000000087e00000|  0%| F|  |TAMS 0x0000000087d00000, 0x0000000087d00000| Untracked 
| 114|0x0000000087e00000, 0x0000000087e00000, 0x0000000087f00000|  0%| F|  |TAMS 0x0000000087e00000, 0x0000000087e00000| Untracked 
| 115|0x0000000087f00000, 0x0000000087f00000, 0x0000000088000000|  0%| F|  |TAMS 0x0000000087f00000, 0x0000000087f00000| Untracked 
| 116|0x0000000088000000, 0x0000000088000000, 0x0000000088100000|  0%| F|  |TAMS 0x0000000088000000, 0x0000000088000000| Untracked 
| 117|0x0000000088100000, 0x0000000088100000, 0x0000000088200000|  0%| F|  |TAMS 0x0000000088100000, 0x0000000088100000| Untracked 
| 118|0x0000000088200000, 0x0000000088200000, 0x0000000088300000|  0%| F|  |TAMS 0x0000000088200000, 0x0000000088200000| Untracked 
| 119|0x0000000088300000, 0x0000000088300000, 0x0000000088400000|  0%| F|  |TAMS 0x0000000088300000, 0x0000000088300000| Untracked 
| 120|0x0000000088400000, 0x0000000088400000, 0x0000000088500000|  0%| F|  |TAMS 0x0000000088400000, 0x0000000088400000| Untracked 
| 121|0x0000000088500000, 0x0000000088500000, 0x0000000088600000|  0%| F|  |TAMS 0x0000000088500000, 0x0000000088500000| Untracked 
| 122|0x0000000088600000, 0x0000000088600000, 0x0000000088700000|  0%| F|  |TAMS 0x0000000088600000, 0x0000000088600000| Untracked 
| 123|0x0000000088700000, 0x0000000088700000, 0x0000000088800000|  0%| F|  |TAMS 0x0000000088700000, 0x0000000088700000| Untracked 
| 124|0x0000000088800000, 0x0000000088800000, 0x0000000088900000|  0%| F|  |TAMS 0x0000000088800000, 0x0000000088800000| Untracked 
| 125|0x0000000088900000, 0x0000000088976448, 0x0000000088a00000| 46%| E|  |TAMS 0x0000000088900000, 0x0000000088900000| Complete 
| 126|0x0000000088a00000, 0x0000000088b00000, 0x0000000088b00000|100%| E|CS|TAMS 0x0000000088a00000, 0x0000000088a00000| Complete 
| 127|0x0000000088b00000, 0x0000000088c00000, 0x0000000088c00000|100%| E|CS|TAMS 0x0000000088b00000, 0x0000000088b00000| Complete 

Card table byte_map: [0x0000018bfa0f0000,0x0000018bfa4f0000] _byte_map_base: 0x0000018bf9cea000

Marking Bits (Prev, Next): (CMBitMap*) 0x0000018beee61848, (CMBitMap*) 0x0000018beee61888
 Prev Bits: [0x0000018bfa8f0000, 0x0000018bfc8c0000)
 Next Bits: [0x0000018bfc8c0000, 0x0000018bfe890000)

Polling page: 0x0000018beeef0000

Metaspace:

Usage:
  Non-class:      4.12 MB capacity,   670.05 KB ( 16%) used,     3.47 MB ( 84%) free+waste,     2.88 KB ( <1%) overhead. 
      Class:    415.00 KB capacity,    70.20 KB ( 17%) used,   342.98 KB ( 83%) free+waste,     1.81 KB ( <1%) overhead. 
       Both:      4.53 MB capacity,   740.25 KB ( 16%) used,     3.80 MB ( 84%) free+waste,     4.69 KB ( <1%) overhead. 

Virtual space:
  Non-class space:        8.00 MB reserved,       4.25 MB ( 53%) committed 
      Class space:        1.00 GB reserved,     512.00 KB ( <1%) committed 
             Both:        1.01 GB reserved,       4.75 MB ( <1%) committed 

Chunk freelists:
   Non-Class:  2.00 KB
       Class:  0 bytes
        Both:  2.00 KB

MaxMetaspaceSize: 17179869184.00 GB
CompressedClassSpaceSize: 1.00 GB

CodeHeap 'non-profiled nmethods': size=120000Kb used=65Kb max_used=65Kb free=119934Kb
 bounds [0x0000018b87ad0000, 0x0000018b87d40000, 0x0000018b8f000000]
CodeHeap 'profiled nmethods': size=120000Kb used=365Kb max_used=365Kb free=119634Kb
 bounds [0x0000018b805a0000, 0x0000018b80810000, 0x0000018b87ad0000]
CodeHeap 'non-nmethods': size=5760Kb used=1102Kb max_used=1102Kb free=4657Kb
 bounds [0x0000018b80000000, 0x0000018b80270000, 0x0000018b805a0000]
 total_blobs=593 nmethods=255 adapters=251
 compilation: enabled
              stopped_count=0, restarted_count=0
 full_count=0

Compilation events (20 events):
Event: 0.073 Thread 0x0000018bff5b3000 nmethod 136 0x0000018b805de510 code [0x0000018b805de6e0, 0x0000018b805deb38]
Event: 0.073 Thread 0x0000018bff5b3000  150       3       java.nio.ByteBuffer::clear (7 bytes)
Event: 0.074 Thread 0x0000018bff5b3000 nmethod 150 0x0000018b805dec90 code [0x0000018b805dee20, 0x0000018b805defb8]
Event: 0.074 Thread 0x0000018bff5b3000  151       3       java.nio.Buffer::clear (20 bytes)
Event: 0.074 Thread 0x0000018bff5b3000 nmethod 151 0x0000018b805df090 code [0x0000018b805df220, 0x0000018b805df358]
Event: 0.074 Thread 0x0000018bff5a4800  156       4       java.lang.StringLatin1::indexOf (61 bytes)
Event: 0.076 Thread 0x0000018bff5a4800 nmethod 156 0x0000018b87ad6410 code [0x0000018b87ad65c0, 0x0000018b87ad67b8]
Event: 0.080 Thread 0x0000018bff5a4800  157       4       java.lang.String::checkBoundsBeginEnd (63 bytes)
Event: 0.080 Thread 0x0000018bff5a4800 nmethod 157 0x0000018b87ad6910 code [0x0000018b87ad6ac0, 0x0000018b87ad6bb8]
Event: 0.080 Thread 0x0000018bff5a4800  158       4       java.lang.String::checkBoundsOffCount (64 bytes)
Event: 0.080 Thread 0x0000018bff5a4800 nmethod 158 0x0000018b87ad6c90 code [0x0000018b87ad6e40, 0x0000018b87ad6f38]
Event: 0.081 Thread 0x0000018bff5a4800  159       4       java.nio.Buffer::<init> (105 bytes)
Event: 0.087 Thread 0x0000018bff5a4800 nmethod 159 0x0000018b87ad7010 code [0x0000018b87ad7220, 0x0000018b87ad7678]
Event: 0.088 Thread 0x0000018bff5a4800  161       4       java.lang.StringLatin1::inflate (34 bytes)
Event: 0.088 Thread 0x0000018b91156000  160   !   4       java.io.BufferedWriter::write (117 bytes)
Event: 0.090 Thread 0x0000018bff5a4800 nmethod 161 0x0000018b87ad7910 code [0x0000018b87ad7aa0, 0x0000018b87ad7c18]
Event: 0.090 Thread 0x0000018bff5a4800  162       4       java.lang.String::getChars (54 bytes)
Event: 0.094 Thread 0x0000018bff5a4800 nmethod 162 0x0000018b87ad8210 code [0x0000018b87ad8420, 0x0000018b87ad8878]
Event: 0.094 Thread 0x0000018bff5a4800  167       4       sun.nio.cs.SingleByte$Encoder::encodeArrayLoop (233 bytes)
Event: 0.094 Thread 0x0000018b91199000  163   !   4       java.io.BufferedWriter::flushBuffer (53 bytes)

GC Heap History (0 events):
No events

Deoptimization events (4 events):
Event: 0.048 Thread 0x0000018beee1c800 Uncommon trap: trap_request=0xffffff45 fr.pc=0x0000018b87ad442c relative=0x000000000000024c
Event: 0.048 Thread 0x0000018beee1c800 Uncommon trap: reason=unstable_if action=reinterpret pc=0x0000018b87ad442c method=java.lang.String.hashCode()I @ 13 c2
Event: 0.048 Thread 0x0000018beee1c800 DEOPT PACKING pc=0x0000018b87ad442c sp=0x00000027725fe260
Event: 0.048 Thread 0x0000018beee1c800 DEOPT UNPACKING pc=0x0000018b8004912f sp=0x00000027725fe1f0 mode 2

Classes unloaded (0 events):
No events

Classes redefined (0 events):
No events

Internal exceptions (1 events):
Event: 0.054 Thread 0x0000018beee1c800 Exception <a 'java/io/IOException'{0x0000000088a1f8c8}: CreateProcess error=1455, The paging file is too small for this operation to complete> (0x0000000088a1f8c8) 
thrown [./src/hotspot/share/prims/jni.cpp, line 620]

Events (20 events):
Event: 0.052 loading class java/lang/ProcessEnvironment$CheckedEntrySet
Event: 0.052 loading class java/lang/ProcessEnvironment$CheckedEntrySet done
Event: 0.052 loading class java/lang/ProcessEnvironment$CheckedEntrySet$1
Event: 0.052 loading class java/lang/ProcessEnvironment$CheckedEntrySet$1 done
Event: 0.052 loading class java/lang/ProcessEnvironment$CheckedEntry
Event: 0.052 loading class java/lang/ProcessEnvironment$CheckedEntry done
Event: 0.054 loading class java/io/IOException
Event: 0.054 loading class java/io/IOException done
Event: 0.054 loading class java/lang/Throwable$WrappedPrintStream
Event: 0.056 loading class java/lang/Throwable$PrintStreamOrWriter
Event: 0.056 loading class java/lang/Throwable$PrintStreamOrWriter done
Event: 0.056 loading class java/lang/Throwable$WrappedPrintStream done
Event: 0.058 loading class java/lang/StackTraceElement$HashedModules
Event: 0.058 loading class java/lang/StackTraceElement$HashedModules done
Event: 0.080 loading class jdk/internal/access/foreign/MemorySegmentProxy
Event: 0.081 loading class jdk/internal/access/foreign/MemorySegmentProxy done
Event: 0.088 Thread 0x0000018b91156000 Thread added: 0x0000018b91156000
Event: 0.094 Thread 0x0000018b91199000 Thread added: 0x0000018b91199000
Event: 0.095 loading class java/util/Scanner
Event: 0.096 loading class java/util/Scanner done


Dynamic libraries:
0x00007ff62aed0000 - 0x00007ff62aedd000 	C:\Program Files\AdoptOpenJDK\jdk-14.0.2.12-hotspot\bin\javaw.exe
0x00007ff9fde40000 - 0x00007ff9fe030000 	C:\WINDOWS\SYSTEM32\ntdll.dll
0x00007ff9fcdb0000 - 0x00007ff9fce62000 	C:\WINDOWS\System32\KERNEL32.DLL
0x00007ff9fb2c0000 - 0x00007ff9fb564000 	C:\WINDOWS\System32\KERNELBASE.dll
0x00007ff9fb1a0000 - 0x00007ff9fb29a000 	C:\WINDOWS\System32\ucrtbase.dll
0x00007ff9f75f0000 - 0x00007ff9f7608000 	C:\Program Files\AdoptOpenJDK\jdk-14.0.2.12-hotspot\bin\jli.dll
0x00007ff9f7730000 - 0x00007ff9f7745000 	C:\Program Files\AdoptOpenJDK\jdk-14.0.2.12-hotspot\bin\VCRUNTIME140.dll
0x00007ff9fc6e0000 - 0x00007ff9fc875000 	C:\WINDOWS\System32\USER32.dll
0x00007ff9dd6e0000 - 0x00007ff9dd964000 	C:\WINDOWS\WinSxS\amd64_microsoft.windows.common-controls_6595b64144ccf1df_6.0.18362.1016_none_9e7a36bbe461dae4\COMCTL32.dll
0x00007ff9fadc0000 - 0x00007ff9fade1000 	C:\WINDOWS\System32\win32u.dll
0x00007ff9fc300000 - 0x00007ff9fc39e000 	C:\WINDOWS\System32\msvcrt.dll
0x00007ff9fcf90000 - 0x00007ff9fcfb6000 	C:\WINDOWS\System32\GDI32.dll
0x00007ff9fc3a0000 - 0x00007ff9fc6d5000 	C:\WINDOWS\System32\combase.dll
0x00007ff9fadf0000 - 0x00007ff9faf86000 	C:\WINDOWS\System32\gdi32full.dll
0x00007ff9fd050000 - 0x00007ff9fd170000 	C:\WINDOWS\System32\RPCRT4.dll
0x00007ff9fbe50000 - 0x00007ff9fbeee000 	C:\WINDOWS\System32\msvcp_win.dll
0x00007ff9faf90000 - 0x00007ff9fb010000 	C:\WINDOWS\System32\bcryptPrimitives.dll
0x00007ff9fdd60000 - 0x00007ff9fdd8e000 	C:\WINDOWS\System32\IMM32.DLL
0x00007ff9e37b0000 - 0x00007ff9e384b000 	C:\Program Files\AdoptOpenJDK\jdk-14.0.2.12-hotspot\bin\msvcp140.dll
0x00007ff9a98b0000 - 0x00007ff9aa444000 	C:\Program Files\AdoptOpenJDK\jdk-14.0.2.12-hotspot\bin\server\jvm.dll
0x00007ff9fcee0000 - 0x00007ff9fcf83000 	C:\WINDOWS\System32\ADVAPI32.dll
0x00007ff9fd420000 - 0x00007ff9fd4b7000 	C:\WINDOWS\System32\sechost.dll
0x00007ff9fc170000 - 0x00007ff9fc178000 	C:\WINDOWS\System32\PSAPI.DLL
0x00007ff9f6cd0000 - 0x00007ff9f6cd9000 	C:\WINDOWS\SYSTEM32\WSOCK32.dll
0x00007ff9f8cd0000 - 0x00007ff9f8cf4000 	C:\WINDOWS\SYSTEM32\WINMM.dll
0x00007ff9f47d0000 - 0x00007ff9f47da000 	C:\WINDOWS\SYSTEM32\VERSION.dll
0x00007ff9fdbb0000 - 0x00007ff9fdc1f000 	C:\WINDOWS\System32\WS2_32.dll
0x00007ff9f8ca0000 - 0x00007ff9f8ccd000 	C:\WINDOWS\SYSTEM32\WINMMBASE.dll
0x00007ff9fb040000 - 0x00007ff9fb08a000 	C:\WINDOWS\System32\cfgmgr32.dll
0x00007ff9fad00000 - 0x00007ff9fad11000 	C:\WINDOWS\System32\kernel.appcore.dll
0x00007ff9f6cc0000 - 0x00007ff9f6cca000 	C:\Program Files\AdoptOpenJDK\jdk-14.0.2.12-hotspot\bin\jimage.dll
0x00007ff9e95c0000 - 0x00007ff9e97b4000 	C:\WINDOWS\SYSTEM32\DBGHELP.DLL
0x00007ff9e92a0000 - 0x00007ff9e92ca000 	C:\WINDOWS\SYSTEM32\dbgcore.DLL
0x00007ff9e39f0000 - 0x00007ff9e3a15000 	C:\Program Files\AdoptOpenJDK\jdk-14.0.2.12-hotspot\bin\java.dll
0x00007ff9e3da0000 - 0x00007ff9e3db6000 	C:\Program Files\AdoptOpenJDK\jdk-14.0.2.12-hotspot\bin\zip.dll
0x00007ff9fd4c0000 - 0x00007ff9fdba7000 	C:\WINDOWS\System32\SHELL32.dll
0x00007ff9fd370000 - 0x00007ff9fd419000 	C:\WINDOWS\System32\shcore.dll
0x00007ff9fb570000 - 0x00007ff9fbcf2000 	C:\WINDOWS\System32\windows.storage.dll
0x00007ff9fad40000 - 0x00007ff9fad63000 	C:\WINDOWS\System32\profapi.dll
0x00007ff9fad70000 - 0x00007ff9fadba000 	C:\WINDOWS\System32\powrprof.dll
0x00007ff9facf0000 - 0x00007ff9fad00000 	C:\WINDOWS\System32\UMPDC.dll
0x00007ff9fc880000 - 0x00007ff9fc8d2000 	C:\WINDOWS\System32\shlwapi.dll
0x00007ff9fb2a0000 - 0x00007ff9fb2b7000 	C:\WINDOWS\System32\cryptsp.dll

dbghelp: loaded successfully - version: 4.0.5 - missing functions: none
symbol engine: initialized successfully - sym options: 0x614 - pdb path: .;C:\Program Files\AdoptOpenJDK\jdk-14.0.2.12-hotspot\bin;C:\WINDOWS\SYSTEM32;C:\WINDOWS\WinSxS\amd64_microsoft.windows.common-controls_6595b64144ccf1df_6.0.18362.1016_none_9e7a36bbe461dae4;C:\Program Files\AdoptOpenJDK\jdk-14.0.2.12-hotspot\bin\server

VM Arguments:
jvm_args: -Dfile.encoding=MS874 
java_command: Main
java_class_path (initial): C:\Users\tae_c\Desktop\Works\SOP-Repository\SOP_Lab1\bin
Launcher Type: SUN_STANDARD

[Global flags]
     intx CICompilerCount                          = 4                                         {product} {ergonomic}
     uint ConcGCThreads                            = 3                                         {product} {ergonomic}
     uint G1ConcRefinementThreads                  = 10                                        {product} {ergonomic}
   size_t G1HeapRegionSize                         = 1048576                                   {product} {ergonomic}
    uintx GCDrainStackTargetSize                   = 64                                        {product} {ergonomic}
   size_t InitialHeapSize                          = 134217728                                 {product} {ergonomic}
   size_t MarkStackSize                            = 4194304                                   {product} {ergonomic}
   size_t MaxHeapSize                              = 2134900736                                {product} {ergonomic}
   size_t MaxNewSize                               = 1280311296                                {product} {ergonomic}
   size_t MinHeapDeltaBytes                        = 1048576                                   {product} {ergonomic}
   size_t MinHeapSize                              = 8388608                                   {product} {ergonomic}
    uintx NonNMethodCodeHeapSize                   = 5839372                                {pd product} {ergonomic}
    uintx NonProfiledCodeHeapSize                  = 122909434                              {pd product} {ergonomic}
    uintx ProfiledCodeHeapSize                     = 122909434                              {pd product} {ergonomic}
    uintx ReservedCodeCacheSize                    = 251658240                              {pd product} {ergonomic}
     bool SegmentedCodeCache                       = true                                      {product} {ergonomic}
   size_t SoftMaxHeapSize                          = 2134900736                             {manageable} {ergonomic}
     bool UseCompressedClassPointers               = true                                 {lp64_product} {ergonomic}
     bool UseCompressedOops                        = true                                 {lp64_product} {ergonomic}
     bool UseG1GC                                  = true                                      {product} {ergonomic}
     bool UseLargePagesIndividualAllocation        = false                                  {pd product} {ergonomic}

Logging:
Log output configuration:
 #0: stdout all=warning uptime,level,tags
 #1: stderr all=off uptime,level,tags

Environment Variables:
PATH=C:/Program Files/AdoptOpenJDK/jdk-14.0.2.12-hotspot/bin/client;C:/Program Files/AdoptOpenJDK/jdk-14.0.2.12-hotspot/bin;C:\Program Files\AdoptOpenJDK\jdk-14.0.2.12-hotspot\bin;C:\WINDOWS\system32;C:\WINDOWS;C:\WINDOWS\System32\Wbem;C:\WINDOWS\System32\WindowsPowerShell\v1.0\;C:\WINDOWS\System32\OpenSSH\;C:\Program Files (x86)\Intel\Intel(R) Management Engine Components\DAL;C:\Program Files\Intel\Intel(R) Management Engine Components\DAL;C:\Program Files (x86)\Intel\Intel(R) Management Engine Components\IPT;C:\Program Files\Intel\Intel(R) Management Engine Components\IPT;C:\Program Files\NVIDIA Corporation\NVIDIA NvDLISR;C:\Program Files (x86)\NVIDIA Corporation\PhysX\Common;C:\Program Files\nodejs\;C:\Program Files\Git\cmd;C:\Users\tae_c\AppData\Local\Microsoft\WindowsApps;C:\Users\tae_c\AppData\Roaming\npm;C:\Users\tae_c\AppData\Local\Programs\Microsoft VS Code\bin;C:\Users\tae_c\Desktop;
USERNAME=tae_c
OS=Windows_NT
PROCESSOR_IDENTIFIER=AMD64 Family 23 Model 8 Stepping 2, AuthenticAMD



---------------  S Y S T E M  ---------------

OS: Windows 10 , 64 bit Build 18362 (10.0.18362.959)
OS uptime: 0 days 23:03 hours

CPU:total 12 (initial active 12) (12 cores per cpu, 2 threads per core) family 23 model 8 stepping 2, cmov, cx8, fxsr, mmx, sse, sse2, sse3, ssse3, sse4.1, sse4.2, popcnt, avx, avx2, aes, clmul, mmxext, 3dnowpref, lzcnt, sse4a, ht, tsc, tscinvbit, tscinv, bmi1, bmi2, adx, sha, fma

Memory: 4k page, system-wide physical 8140M (1620M free)
TotalPageFile size 22379M (AvailPageFile size 0M)
current process WorkingSet (physical memory assigned to process): 33M, peak: 33M
current process commit charge ("private bytes"): 219M, peak: 219M

vm_info: OpenJDK 64-Bit Server VM (14.0.2+12) for windows-amd64 JRE (14.0.2+12), built on Jul 15 2020 11:30:16 by "" with MS VC++ 15.9 (VS2017)

END.
